<?xml version="1.0" encoding="UTF-8"?>
<!-- Generated by org.testng.reporters.JUnitXMLReporter -->
<testsuite ignored="0" hostname="DESKTOP-A92I2GN" failures="1" tests="2" name="Test1" time="4.817" errors="0" timestamp="2026-05-07T22:28:36 IST">
  <testcase classname="API_Entry.GetEntriesTest" name="verifyGetEntries" time="3.558"/>
  <testcase classname="API_Entry.AddToCartTest" name="verifyAddToCart" time="0.56">
    <failure type="java.lang.AssertionError" message="expected [400] but found [200]">
      <![CDATA[java.lang.AssertionError: expected [400] but found [200]
at API_Entry.AddToCartTest.verifyAddToCart(AddToCartTest.java:23)
at java.base/java.util.ArrayList.forEach(ArrayList.java:1511)
... Removed 31 stack frames]]>
    </failure>
  </testcase> <!-- verifyAddToCart -->
</testsuite> <!-- Test1 -->
