<?xml version="1.0" encoding="UTF-8"?>
<!-- Generated by org.testng.reporters.JUnitXMLReporter -->
<testsuite ignored="3" hostname="DESKTOP-A92I2GN" failures="0" tests="4" name="Test" time="4.661" errors="0" timestamp="2026-05-06T21:19:51 IST">
  <testcase classname="API_Entry.GetEntriesTest" name="verifyGetEntries" time="2.609"/>
  <testcase classname="API_Entry.AddToCartTest" name="verifyAddToCart" time="0.493"/>
  <testcase classname="API_Entry.SignupTest" name="verifySignup" time="0.554"/>
  <testcase classname="API_Entry.ViewProductTest" name="verifyViewProduct" time="0.51"/>
  <testcase classname="Base.BaseTest" name="@BeforeTest setup" time="0.0">
    <ignored/>
  </testcase> <!-- @BeforeTest setup -->
  <testcase classname="Base.BaseTest" name="@BeforeTest setup" time="0.0">
    <ignored/>
  </testcase> <!-- @BeforeTest setup -->
  <testcase classname="Base.BaseTest" name="@BeforeTest setup" time="0.0">
    <ignored/>
  </testcase> <!-- @BeforeTest setup -->
</testsuite> <!-- Test -->
