<?xml version="1.0" encoding="UTF-8"?>
<testng-results ignored="0" total="4" passed="4" failed="0" skipped="0">
  <reporter-output>
  </reporter-output>
  <suite started-at="2026-05-06T21:29:41 IST" name="Suite" finished-at="2026-05-06T21:29:46 IST" duration-ms="4706">
    <groups>
    </groups>
    <test started-at="2026-05-06T21:29:41 IST" name="Test1" finished-at="2026-05-06T21:29:45 IST" duration-ms="3415">
      <class name="API_Entry.AddToCartTest">
        <test-method is-config="true" signature="setup()[pri:0, instance:API_Entry.AddToCartTest@654f0d9c]" started-at="2026-05-06T21:29:44 IST" name="setup" finished-at="2026-05-06T21:29:44 IST" duration-ms="1" status="PASS">
          <reporter-output>
          </reporter-output>
        </test-method> <!-- setup -->
        <test-method signature="verifyAddToCart()[pri:0, instance:API_Entry.AddToCartTest@654f0d9c]" started-at="2026-05-06T21:29:44 IST" name="verifyAddToCart" finished-at="2026-05-06T21:29:45 IST" duration-ms="504" status="PASS">
          <reporter-output>
          </reporter-output>
        </test-method> <!-- verifyAddToCart -->
      </class> <!-- API_Entry.AddToCartTest -->
      <class name="API_Entry.GetEntriesTest">
        <test-method is-config="true" signature="setup()[pri:0, instance:API_Entry.GetEntriesTest@10e41621]" started-at="2026-05-06T21:29:41 IST" name="setup" finished-at="2026-05-06T21:29:42 IST" duration-ms="402" status="PASS">
          <reporter-output>
          </reporter-output>
        </test-method> <!-- setup -->
        <test-method signature="verifyGetEntries()[pri:0, instance:API_Entry.GetEntriesTest@10e41621]" started-at="2026-05-06T21:29:42 IST" name="verifyGetEntries" finished-at="2026-05-06T21:29:44 IST" duration-ms="2464" status="PASS">
          <reporter-output>
          </reporter-output>
        </test-method> <!-- verifyGetEntries -->
      </class> <!-- API_Entry.GetEntriesTest -->
    </test> <!-- Test1 -->
    <test started-at="2026-05-06T21:29:45 IST" name="Test2" finished-at="2026-05-06T21:29:46 IST" duration-ms="1217">
      <class name="API_Entry.SignupTest">
        <test-method is-config="true" signature="setup()[pri:0, instance:API_Entry.SignupTest@1ea9f6af]" started-at="2026-05-06T21:29:45 IST" name="setup" finished-at="2026-05-06T21:29:45 IST" duration-ms="2" status="PASS">
          <reporter-output>
          </reporter-output>
        </test-method> <!-- setup -->
        <test-method signature="verifySignup()[pri:0, instance:API_Entry.SignupTest@1ea9f6af]" started-at="2026-05-06T21:29:45 IST" name="verifySignup" finished-at="2026-05-06T21:29:45 IST" duration-ms="527" status="PASS">
          <reporter-output>
          </reporter-output>
        </test-method> <!-- verifySignup -->
      </class> <!-- API_Entry.SignupTest -->
      <class name="API_Entry.ViewProductTest">
        <test-method is-config="true" signature="setup()[pri:0, instance:API_Entry.ViewProductTest@6a192cfe]" started-at="2026-05-06T21:29:45 IST" name="setup" finished-at="2026-05-06T21:29:45 IST" duration-ms="1" status="PASS">
          <reporter-output>
          </reporter-output>
        </test-method> <!-- setup -->
        <test-method signature="verifyViewProduct()[pri:0, instance:API_Entry.ViewProductTest@6a192cfe]" started-at="2026-05-06T21:29:45 IST" name="verifyViewProduct" finished-at="2026-05-06T21:29:46 IST" duration-ms="680" status="PASS">
          <reporter-output>
          </reporter-output>
        </test-method> <!-- verifyViewProduct -->
      </class> <!-- API_Entry.ViewProductTest -->
    </test> <!-- Test2 -->
  </suite> <!-- Suite -->
</testng-results>
