<?xml version="1.0" encoding="UTF-8"?>
<testng-results ignored="0" total="1" passed="1" failed="0" skipped="0">
  <reporter-output>
  </reporter-output>
  <suite started-at="2026-05-16T11:25:11 IST" name="Default suite" finished-at="2026-05-16T11:25:14 IST" duration-ms="3278">
    <groups>
    </groups>
    <test started-at="2026-05-16T11:25:11 IST" name="Default test" finished-at="2026-05-16T11:25:14 IST" duration-ms="3278">
      <class name="API_Entry.AddToCartTest">
        <test-method is-config="true" signature="setup()[pri:0, instance:API_Entry.AddToCartTest@6a400542]" started-at="2026-05-16T11:25:11 IST" name="setup" finished-at="2026-05-16T11:25:12 IST" duration-ms="596" status="PASS">
          <reporter-output>
          </reporter-output>
        </test-method> <!-- setup -->
        <test-method signature="verifyAddToCart()[pri:0, instance:API_Entry.AddToCartTest@6a400542]" started-at="2026-05-16T11:25:12 IST" name="verifyAddToCart" finished-at="2026-05-16T11:25:14 IST" duration-ms="2635" status="PASS">
          <reporter-output>
          </reporter-output>
        </test-method> <!-- verifyAddToCart -->
      </class> <!-- API_Entry.AddToCartTest -->
    </test> <!-- Default test -->
  </suite> <!-- Default suite -->
</testng-results>
